[debug] > Exec(;reload; set _root_.org.jetbrains.sbt.StructureKeys.sbtStructureOptions in Global := "download resolveClassifiers resolveSbtClassifiers" ;*/*:dumpStructureTo C:/Users/Roger3/AppData/Local/Temp/sbt-structure.xml; session clear-all ; set ideaPort in Global := 62682, None, None)
[debug] > Exec(reload, None, None)
[debug] > Exec(sbtStashOnFailure, None, None)
[debug] > Exec(onFailure loadFailed, None, None)
[debug] > Exec(loadp, None, None)
[info] welcome to sbt 1.4.4 (AdoptOpenJDK Java 1.8.0_265)
[debug]       Load.loadUnit: plugins took 42.4183ms
[debug]       Load.loadUnit: defsScala took 0.0251ms
[debug] [Loading] Scanning directory C:\Users\Roger3\.sbt\1.0\plugins
[debug] [Loading] Found non-root projects 
[debug] [Loading] Done in C:\Users\Roger3\.sbt\1.0\plugins, returning: ()
[debug] deducing auto plugins based on known facts Set(Atom(sbt.plugins.CorePlugin)) and clauses Clauses(List(Clause(Atom(sbt.plugins.JvmPlugin),Set(Atom(sbt.plugins.IvyPlugin))), Clause(Atom(sbt.ScriptedPlugin),Set(Atom(sbt.plugins.JvmPlugin))), Clause(Atom(sbt.plugins.SbtPlugin),Set(Atom(sbt.ScriptedPlugin))), Clause(Atom(sbt.plugins.SemanticdbPlugin),Set(Atom(sbt.plugins.JvmPlugin))), Clause(Atom(sbt.plugins.JUnitXmlReportPlugin),Set(Atom(sbt.plugins.JvmPlugin))), Clause(Atom(sbt.plugins.MiniDependencyTreePlugin),Set(Atom(sbt.plugins.JvmPlugin))), Clause(Atom(sbt.plugins.CorePlugin),Set(Atom(sbt.plugins.IvyPlugin))), Clause(Atom(sbt.plugins.IvyPlugin),Set(Atom(sbt.plugins.JvmPlugin))), Clause(Atom(sbt.plugins.JvmPlugin),Set(Atom(sbt.plugins.SemanticdbPlugin))), Clause(Atom(sbt.plugins.JvmPlugin),Set(Atom(sbt.plugins.JUnitXmlReportPlugin))), Clause(Atom(sbt.plugins.CorePlugin),Set(Atom(sbt.plugins.Giter8TemplatePlugin))), Clause(Atom(sbt.plugins.JvmPlugin),Set(Atom(sbt.plugins.MiniDependencyTreePlugin)))))
[debug]   :: deduced result: Matched(sbt.plugins.CorePlugin,sbt.plugins.Giter8TemplatePlugin,sbt.plugins.IvyPlugin,sbt.plugins.JvmPlugin,sbt.plugins.MiniDependencyTreePlugin,sbt.plugins.JUnitXmlReportPlugin,sbt.plugins.SemanticdbPlugin)
[debug] Plugins.deducer#function took 2.1628 ms
[debug]           Load.resolveProject(global-plugins) took 1.4898ms
[debug]         Load.loadTransitive: finalizeProject(Project(id global-plugins, base: C:\Users\Roger3\.sbt\1.0\plugins, plugins: List(<none>))) took 4.6085ms
[debug] [Loading] Done in C:\Users\Roger3\.sbt\1.0\plugins, returning: (global-plugins)
[debug]       Load.loadUnit: loadedProjectsRaw took 6.2015ms
[debug]       Load.loadUnit: cleanEvalClasses took 0.015ms
[debug]     Load.loadUnit(file:/C:/Users/Roger3/.sbt/1.0/plugins/, ...) took 49.6534ms
[debug]   Load.apply: load took 51.3875ms
[debug]   Load.apply: resolveProjects took 0.0923ms
[debug]   Load.apply: finalTransforms took 9.6648ms
[debug]   Load.apply: config.delegates took 0.465ms
[debug]   Load.apply: Def.make(settings)... took 78.6189ms
[debug]   Load.apply: structureIndex took 32.66ms
[debug]   Load.apply: mkStreams took 0.0034ms
[info] loading global plugins from C:\Users\Roger3\.sbt\1.0\plugins
[debug] Running task... Cancel: Signal, check cycles: false, forcegc: true
[debug] Load.defaultLoad until apply took 593.5304ms
[debug]           Load.loadUnit: plugins took 41.6332ms
[debug]           Load.loadUnit: defsScala took 0.0039ms
[debug] [Loading] Scanning directory C:\Users\Roger3\revgit\pj3Git\201005-reston-bigdata\OrangeTeamPart\project
[debug]             Load.loadUnit: mkEval took 0.3552ms
[debug] [Loading] Found non-root projects 
[debug] [Loading] Done in C:\Users\Roger3\revgit\pj3Git\201005-reston-bigdata\OrangeTeamPart\project, returning: ()
[debug] deducing auto plugins based on known facts Set(Atom(sbt.plugins.CorePlugin)) and clauses Clauses(List(Clause(Atom(sbt.plugins.JvmPlugin),Set(Atom(sbt.plugins.IvyPlugin))), Clause(Atom(sbt.ScriptedPlugin),Set(Atom(sbt.plugins.JvmPlugin))), Clause(Atom(sbt.plugins.SbtPlugin),Set(Atom(sbt.ScriptedPlugin))), Clause(Atom(sbt.plugins.SemanticdbPlugin),Set(Atom(sbt.plugins.JvmPlugin))), Clause(Atom(sbt.plugins.JUnitXmlReportPlugin),Set(Atom(sbt.plugins.JvmPlugin))), Clause(Atom(sbt.plugins.MiniDependencyTreePlugin),Set(Atom(sbt.plugins.JvmPlugin))), Clause(Atom(sbt.plugins.CorePlugin),Set(Atom(sbt.plugins.IvyPlugin))), Clause(Atom(sbt.plugins.IvyPlugin),Set(Atom(sbt.plugins.JvmPlugin))), Clause(Atom(sbt.plugins.JvmPlugin),Set(Atom(sbt.plugins.SemanticdbPlugin))), Clause(Atom(sbt.plugins.JvmPlugin),Set(Atom(sbt.plugins.JUnitXmlReportPlugin))), Clause(Atom(sbt.plugins.CorePlugin),Set(Atom(sbt.plugins.Giter8TemplatePlugin))), Clause(Atom(sbt.plugins.JvmPlugin),Set(Atom(sbt.plugins.MiniDependencyTreePlugin)))))
[debug]   :: deduced result: Matched(sbt.plugins.CorePlugin,sbt.plugins.Giter8TemplatePlugin,sbt.plugins.IvyPlugin,sbt.plugins.JvmPlugin,sbt.plugins.MiniDependencyTreePlugin,sbt.plugins.JUnitXmlReportPlugin,sbt.plugins.SemanticdbPlugin)
[debug] Plugins.deducer#function took 3.3968 ms
[info] loading settings for project orangeteampart-build from idea.sbt ...
[debug]               Load.resolveProject(orangeteampart-build) took 7.0288ms
[debug]             Load.loadTransitive: finalizeProject(Project(id orangeteampart-build, base: C:\Users\Roger3\revgit\pj3Git\201005-reston-bigdata\OrangeTeamPart\project, plugins: List(<none>))) took 11.1241ms
[debug] [Loading] Done in C:\Users\Roger3\revgit\pj3Git\201005-reston-bigdata\OrangeTeamPart\project, returning: (orangeteampart-build)
[debug]           Load.loadUnit: loadedProjectsRaw took 44.5296ms
[debug]           Load.loadUnit: cleanEvalClasses took 1.7384ms
[debug]         Load.loadUnit(file:/C:/Users/Roger3/revgit/pj3Git/201005-reston-bigdata/OrangeTeamPart/project/, ...) took 88.6723ms
[debug]       Load.apply: load took 91.3954ms
[debug]       Load.apply: resolveProjects took 0.1652ms
[debug]       Load.apply: finalTransforms took 8.9723ms
[debug]       Load.apply: config.delegates took 0.4624ms
[debug]       Load.apply: Def.make(settings)... took 79.3444ms
[debug]       Load.apply: structureIndex took 23.6017ms
[debug]       Load.apply: mkStreams took 0.0045ms
[info] loading project definition from C:\Users\Roger3\revgit\pj3Git\201005-reston-bigdata\OrangeTeamPart\project
[debug] Running task... Cancel: Signal, check cycles: false, forcegc: true
[debug]     Load.loadUnit: plugins took 456.2259ms
[debug]     Load.loadUnit: defsScala took 0.0041ms
[debug] [Loading] Scanning directory C:\Users\Roger3\revgit\pj3Git\201005-reston-bigdata\OrangeTeamPart
[debug]       Load.loadUnit: mkEval took 0.2775ms
[debug] [Loading] Found non-root projects 
[debug] [Loading] Done in C:\Users\Roger3\revgit\pj3Git\201005-reston-bigdata\OrangeTeamPart, returning: ()
[debug] deducing auto plugins based on known facts Set(Atom(sbt.plugins.CorePlugin)) and clauses Clauses(List(Clause(Atom(sbt.plugins.JvmPlugin),Set(Atom(sbt.plugins.IvyPlugin))), Clause(Atom(sbt.ScriptedPlugin),Set(Atom(sbt.plugins.JvmPlugin))), Clause(Atom(sbt.plugins.SbtPlugin),Set(Atom(sbt.ScriptedPlugin))), Clause(Atom(sbt.plugins.SemanticdbPlugin),Set(Atom(sbt.plugins.JvmPlugin))), Clause(Atom(sbt.plugins.JUnitXmlReportPlugin),Set(Atom(sbt.plugins.JvmPlugin))), Clause(Atom(sbt.plugins.MiniDependencyTreePlugin),Set(Atom(sbt.plugins.JvmPlugin))), Clause(Atom(org.jetbrains.sbt.StructurePlugin),Set(Atom(sbt.plugins.JvmPlugin))), Clause(Atom(org.jetbrains.sbt.IdeaShellPlugin),Set(Atom(sbt.plugins.JvmPlugin))), Clause(Atom(org.jetbrains.sbt.indices.SbtIntellijIndicesPlugin),Set(Atom(sbt.plugins.JvmPlugin))), Clause(Atom(sbt.plugins.CorePlugin),Set(Atom(sbt.plugins.IvyPlugin))), Clause(Atom(sbt.plugins.IvyPlugin),Set(Atom(sbt.plugins.JvmPlugin))), Clause(Atom(sbt.plugins.JvmPlugin),Set(Atom(sbt.plugins.SemanticdbPlugin))), Clause(Atom(sbt.plugins.JvmPlugin),Set(Atom(sbt.plugins.JUnitXmlReportPlugin))), Clause(Atom(sbt.plugins.CorePlugin),Set(Atom(sbt.plugins.Giter8TemplatePlugin))), Clause(Atom(sbt.plugins.JvmPlugin),Set(Atom(sbt.plugins.MiniDependencyTreePlugin))), Clause(Atom(sbt.plugins.JvmPlugin),Set(Atom(org.jetbrains.sbt.StructurePlugin))), Clause(Atom(sbt.plugins.JvmPlugin),Set(Atom(org.jetbrains.sbt.IdeaShellPlugin))), Clause(And(Set(Atom(sbt.plugins.CorePlugin), Atom(sbt.plugins.JvmPlugin))),Set(Atom(org.jetbrains.sbt.indices.SbtIntellijIndicesPlugin)))))
[debug]   :: deduced result: Matched(sbt.plugins.CorePlugin,sbt.plugins.Giter8TemplatePlugin,sbt.plugins.IvyPlugin,sbt.plugins.JvmPlugin,sbt.plugins.SemanticdbPlugin,org.jetbrains.sbt.indices.SbtIntellijIndicesPlugin,sbt.plugins.JUnitXmlReportPlugin,org.jetbrains.sbt.IdeaShellPlugin,org.jetbrains.sbt.StructurePlugin,sbt.plugins.MiniDependencyTreePlugin)
[debug] Plugins.deducer#function took 1.7951 ms
[info] loading settings for project orangeteampart from build.sbt ...
[debug]         Load.resolveProject(orangeteampart) took 47.9502ms
[debug]       Load.loadTransitive: finalizeProject(Project(id orangeteampart, base: C:\Users\Roger3\revgit\pj3Git\201005-reston-bigdata\OrangeTeamPart, plugins: List(<none>))) took 50.4595ms
[debug] [Loading] Done in C:\Users\Roger3\revgit\pj3Git\201005-reston-bigdata\OrangeTeamPart, returning: (orangeteampart)
[debug]     Load.loadUnit: loadedProjectsRaw took 115.8939ms
[debug]     Load.loadUnit: cleanEvalClasses took 3.8328ms
[debug]   Load.loadUnit(file:/C:/Users/Roger3/revgit/pj3Git/201005-reston-bigdata/OrangeTeamPart/, ...) took 582.6383ms
[debug] Load.apply: load took 585.8619ms
[debug] Load.apply: resolveProjects took 0.0949ms
[debug] Load.apply: finalTransforms took 22.4434ms
[debug] Load.apply: config.delegates took 0.4486ms
[debug] Load.apply: Def.make(settings)... took 90.3579ms
[debug] Load.apply: structureIndex took 26.7561ms
[debug] Load.apply: mkStreams took 0.0038ms
[warn] Discarding 1 session setting.  Use 'session save' to persist session settings.
[info] set current project to OrangeTeamPart (in build file:/C:/Users/Roger3/revgit/pj3Git/201005-reston-bigdata/OrangeTeamPart/)
[debug] > Exec(sbtPopOnFailure, None, None)
[debug] > Exec(resumeFromFailure, None, None)
[debug] > Exec(set _root_.org.jetbrains.sbt.StructureKeys.sbtStructureOptions in Global := "download resolveClassifiers resolveSbtClassifiers", None, None)
[info] Defining Global / sbtStructureOptions
[info] The new value will be used by Global / ssOptions
[debug] Defining 
[debug] 	Global / sbtStructureOptions
[debug] 
[debug] The new value will be used by 
[debug] 	Global / ssOptions
[info] Reapplying settings...
[info] set current project to OrangeTeamPart (in build file:/C:/Users/Roger3/revgit/pj3Git/201005-reston-bigdata/OrangeTeamPart/)
[debug] > Exec(*/*:dumpStructureTo C:/Users/Roger3/AppData/Local/Temp/sbt-structure.xml, None, None)
[debug] Evaluating tasks: Global / dumpStructureTo
[debug] Running task... Cancel: Signal, check cycles: false, forcegc: true
[info] Writing structure to C:\Users\Roger3\AppData\Local\Temp\sbt-structure.xml...
[info] Done.
[success] Total time: 5 s, completed Nov 30, 2020 8:41:58 AM
[debug] > Exec(session clear-all, None, None)
[info] Reapplying settings...
[info] set current project to OrangeTeamPart (in build file:/C:/Users/Roger3/revgit/pj3Git/201005-reston-bigdata/OrangeTeamPart/)
[debug] > Exec(set ideaPort in Global := 62682, None, None)
[info] Defining Global / ideaPort
[info] The new value will be used by Compile / compile, Test / compile
[debug] Defining 
[debug] 	Global / ideaPort
[debug] 
[debug] The new value will be used by 
[debug] 	Compile / compile
[debug] 	Test / compile
[info] Reapplying settings...
[info] set current project to OrangeTeamPart (in build file:/C:/Users/Roger3/revgit/pj3Git/201005-reston-bigdata/OrangeTeamPart/)
[debug] > Exec(idea-shell, None, None)
[debug] > Exec(, None, None)
[debug] > Exec(idea-shell, None, None)
